
    [2024-12-13T11:02:31.851Z] PUT /api/product/675af872adf05b73e1844867
    Status: 500
    Error: updatedData1 is not defined
    Stack: ReferenceError: updatedData1 is not defined
    at exports.updateProduct (D:\My Life\v1\backend\api\product\productController.js:455:1)
    at process.processTicksAndRejections (node:internal/process/task_queues:95:5)

    [2024-12-13T14:21:55.859Z] PUT /api/tax/675c401dd603a78aaab3e73a
    Status: 400
    Error: Percentage filed required
    Stack: Error: Percentage filed required
    at CustomError.BadRequest (D:\My Life\v1\backend\utils\customError.js:9:16)
    at exports.updateTax (D:\My Life\v1\backend\api\tax\taxController.js:33:43)
    at Layer.handle [as handle_request] (D:\My Life\v1\backend\node_modules\express\lib\router\layer.js:95:5)
    at next (D:\My Life\v1\backend\node_modules\express\lib\router\route.js:149:13)
    at exports.verifyAccessToken (D:\My Life\v1\backend\middleware\adminAuthMiddleware.js:23:13)
    at process.processTicksAndRejections (node:internal/process/task_queues:95:5)

    [2024-12-13T14:21:56.904Z] PUT /api/tax/675c401dd603a78aaab3e73a
    Status: 400
    Error: Percentage filed required
    Stack: Error: Percentage filed required
    at CustomError.BadRequest (D:\My Life\v1\backend\utils\customError.js:9:16)
    at exports.updateTax (D:\My Life\v1\backend\api\tax\taxController.js:33:43)
    at Layer.handle [as handle_request] (D:\My Life\v1\backend\node_modules\express\lib\router\layer.js:95:5)
    at next (D:\My Life\v1\backend\node_modules\express\lib\router\route.js:149:13)
    at exports.verifyAccessToken (D:\My Life\v1\backend\middleware\adminAuthMiddleware.js:23:13)
    at process.processTicksAndRejections (node:internal/process/task_queues:95:5)

    [2024-12-13T14:22:19.716Z] PUT /api/tax/675c401dd603a78aaab3e73a
    Status: 400
    Error: Percentage filed required
    Stack: Error: Percentage filed required
    at CustomError.BadRequest (D:\My Life\v1\backend\utils\customError.js:9:16)
    at exports.updateTax (D:\My Life\v1\backend\api\tax\taxController.js:33:43)
    at Layer.handle [as handle_request] (D:\My Life\v1\backend\node_modules\express\lib\router\layer.js:95:5)
    at next (D:\My Life\v1\backend\node_modules\express\lib\router\route.js:149:13)
    at exports.verifyAccessToken (D:\My Life\v1\backend\middleware\adminAuthMiddleware.js:23:13)
    at process.processTicksAndRejections (node:internal/process/task_queues:95:5)

    [2024-12-13T14:23:49.553Z] PUT /api/tax/675c404bd603a78aaab3e741
    Status: 400
    Error: Percentage filed required
    Stack: Error: Percentage filed required
    at CustomError.BadRequest (D:\My Life\v1\backend\utils\customError.js:9:16)
    at exports.updateTax (D:\My Life\v1\backend\api\tax\taxController.js:33:43)
    at Layer.handle [as handle_request] (D:\My Life\v1\backend\node_modules\express\lib\router\layer.js:95:5)
    at next (D:\My Life\v1\backend\node_modules\express\lib\router\route.js:149:13)
    at exports.verifyAccessToken (D:\My Life\v1\backend\middleware\adminAuthMiddleware.js:23:13)
    at process.processTicksAndRejections (node:internal/process/task_queues:95:5)

    [2024-12-13T14:25:20.637Z] PUT /api/tax/675c404bd603a78aaab3e741
    Status: 400
    Error: Percentage filed required
    Stack: Error: Percentage filed required
    at CustomError.BadRequest (D:\My Life\v1\backend\utils\customError.js:9:16)
    at exports.updateTax (D:\My Life\v1\backend\api\tax\taxController.js:33:43)
    at Layer.handle [as handle_request] (D:\My Life\v1\backend\node_modules\express\lib\router\layer.js:95:5)
    at next (D:\My Life\v1\backend\node_modules\express\lib\router\route.js:149:13)
    at exports.verifyAccessToken (D:\My Life\v1\backend\middleware\adminAuthMiddleware.js:23:13)
    at process.processTicksAndRejections (node:internal/process/task_queues:95:5)

    [2024-12-13T14:26:11.978Z] PUT /api/tax/675c401dd603a78aaab3e73a
    Status: 400
    Error: Percentage filed required
    Stack: Error: Percentage filed required
    at CustomError.BadRequest (D:\My Life\v1\backend\utils\customError.js:9:16)
    at exports.updateTax (D:\My Life\v1\backend\api\tax\taxController.js:33:43)
    at Layer.handle [as handle_request] (D:\My Life\v1\backend\node_modules\express\lib\router\layer.js:95:5)
    at next (D:\My Life\v1\backend\node_modules\express\lib\router\route.js:149:13)
    at exports.verifyAccessToken (D:\My Life\v1\backend\middleware\adminAuthMiddleware.js:23:13)
    at process.processTicksAndRejections (node:internal/process/task_queues:95:5)

    [2024-12-13T14:26:12.831Z] PUT /api/tax/675c401dd603a78aaab3e73a
    Status: 400
    Error: Percentage filed required
    Stack: Error: Percentage filed required
    at CustomError.BadRequest (D:\My Life\v1\backend\utils\customError.js:9:16)
    at exports.updateTax (D:\My Life\v1\backend\api\tax\taxController.js:33:43)
    at Layer.handle [as handle_request] (D:\My Life\v1\backend\node_modules\express\lib\router\layer.js:95:5)
    at next (D:\My Life\v1\backend\node_modules\express\lib\router\route.js:149:13)
    at exports.verifyAccessToken (D:\My Life\v1\backend\middleware\adminAuthMiddleware.js:23:13)
    at process.processTicksAndRejections (node:internal/process/task_queues:95:5)

    [2024-12-13T14:26:12.993Z] PUT /api/tax/675c401dd603a78aaab3e73a
    Status: 400
    Error: Percentage filed required
    Stack: Error: Percentage filed required
    at CustomError.BadRequest (D:\My Life\v1\backend\utils\customError.js:9:16)
    at exports.updateTax (D:\My Life\v1\backend\api\tax\taxController.js:33:43)
    at Layer.handle [as handle_request] (D:\My Life\v1\backend\node_modules\express\lib\router\layer.js:95:5)
    at next (D:\My Life\v1\backend\node_modules\express\lib\router\route.js:149:13)
    at exports.verifyAccessToken (D:\My Life\v1\backend\middleware\adminAuthMiddleware.js:23:13)
    at process.processTicksAndRejections (node:internal/process/task_queues:95:5)

    [2024-12-13T14:27:10.675Z] PUT /api/tax/675c401dd603a78aaab3e73a
    Status: 400
    Error: Percentage filed required
    Stack: Error: Percentage filed required
    at CustomError.BadRequest (D:\My Life\v1\backend\utils\customError.js:9:16)
    at exports.updateTax (D:\My Life\v1\backend\api\tax\taxController.js:33:43)
    at Layer.handle [as handle_request] (D:\My Life\v1\backend\node_modules\express\lib\router\layer.js:95:5)
    at next (D:\My Life\v1\backend\node_modules\express\lib\router\route.js:149:13)
    at exports.verifyAccessToken (D:\My Life\v1\backend\middleware\adminAuthMiddleware.js:23:13)
    at process.processTicksAndRejections (node:internal/process/task_queues:95:5)

    [2024-12-13T14:27:29.811Z] PUT /api/tax/675c401dd603a78aaab3e73a
    Status: 400
    Error: Percentage filed required
    Stack: Error: Percentage filed required
    at CustomError.BadRequest (D:\My Life\v1\backend\utils\customError.js:9:16)
    at exports.updateTax (D:\My Life\v1\backend\api\tax\taxController.js:33:43)
    at Layer.handle [as handle_request] (D:\My Life\v1\backend\node_modules\express\lib\router\layer.js:95:5)
    at next (D:\My Life\v1\backend\node_modules\express\lib\router\route.js:149:13)
    at exports.verifyAccessToken (D:\My Life\v1\backend\middleware\adminAuthMiddleware.js:23:13)
    at process.processTicksAndRejections (node:internal/process/task_queues:95:5)

    [2024-12-14T06:20:27.102Z] POST /api/generalinfo
    Status: 400
    Error: site_name, footer_copywrite, and currency_symboll are required fields
    Stack: Error: site_name, footer_copywrite, and currency_symboll are required fields
    at CustomError.BadRequest (D:\My Life\v1\backend\utils\customError.js:9:16)
    at exports.createUpdateRecords (D:\My Life\v1\backend\api\settings\generalinfo\generalinfoController.js:22:31)
    at Layer.handle [as handle_request] (D:\My Life\v1\backend\node_modules\express\lib\router\layer.js:95:5)
    at next (D:\My Life\v1\backend\node_modules\express\lib\router\route.js:149:13)
    at D:\My Life\v1\backend\middleware\fileUploadMiddleware.js:29:5
    at D:\My Life\v1\backend\node_modules\express-fileupload\lib\processMultipart.js:175:9
    at process.processTicksAndRejections (node:internal/process/task_queues:95:5)

    [2024-12-14T07:23:57.308Z] GET /favicon.ico
    Status: 404
    Error: The requested resource could not be found
    Stack: Error: The requested resource could not be found
    at CustomError.NotFound (D:\My Life\v1\backend\utils\customError.js:17:16)
    at D:\My Life\v1\backend\app.js:145:22
    at Layer.handle [as handle_request] (D:\My Life\v1\backend\node_modules\express\lib\router\layer.js:95:5)
    at trim_prefix (D:\My Life\v1\backend\node_modules\express\lib\router\index.js:328:13)
    at D:\My Life\v1\backend\node_modules\express\lib\router\index.js:286:9
    at Function.process_params (D:\My Life\v1\backend\node_modules\express\lib\router\index.js:346:12)
    at next (D:\My Life\v1\backend\node_modules\express\lib\router\index.js:280:10)
    at urlencodedParser (D:\My Life\v1\backend\node_modules\body-parser\lib\types\urlencoded.js:94:7)
    at Layer.handle [as handle_request] (D:\My Life\v1\backend\node_modules\express\lib\router\layer.js:95:5)
    at trim_prefix (D:\My Life\v1\backend\node_modules\express\lib\router\index.js:328:13)

    [2024-12-14T07:38:11.380Z] GET /uploads/generalinfo/1734161821684_36-pic-pt210f052-indiclub-original-imah3s57ucjfzfhd-jpeg-555832-.png
    Status: 404
    Error: The requested resource could not be found
    Stack: Error: The requested resource could not be found
    at CustomError.NotFound (D:\My Life\v1\backend\utils\customError.js:17:16)
    at D:\My Life\v1\backend\app.js:145:22
    at Layer.handle [as handle_request] (D:\My Life\v1\backend\node_modules\express\lib\router\layer.js:95:5)
    at trim_prefix (D:\My Life\v1\backend\node_modules\express\lib\router\index.js:328:13)
    at D:\My Life\v1\backend\node_modules\express\lib\router\index.js:286:9
    at Function.process_params (D:\My Life\v1\backend\node_modules\express\lib\router\index.js:346:12)
    at next (D:\My Life\v1\backend\node_modules\express\lib\router\index.js:280:10)
    at SendStream.error (D:\My Life\v1\backend\node_modules\serve-static\index.js:121:7)
    at SendStream.emit (node:events:519:28)
    at SendStream.error (D:\My Life\v1\backend\node_modules\send\index.js:270:17)

    [2024-12-14T07:38:40.998Z] GET /uploads/generalinfo/1734161821684_36-pic-pt210f052-indiclub-original-imah3s57ucjfzfhd-jpeg-555832-.png
    Status: 404
    Error: The requested resource could not be found
    Stack: Error: The requested resource could not be found
    at CustomError.NotFound (D:\My Life\v1\backend\utils\customError.js:17:16)
    at D:\My Life\v1\backend\app.js:145:22
    at Layer.handle [as handle_request] (D:\My Life\v1\backend\node_modules\express\lib\router\layer.js:95:5)
    at trim_prefix (D:\My Life\v1\backend\node_modules\express\lib\router\index.js:328:13)
    at D:\My Life\v1\backend\node_modules\express\lib\router\index.js:286:9
    at Function.process_params (D:\My Life\v1\backend\node_modules\express\lib\router\index.js:346:12)
    at next (D:\My Life\v1\backend\node_modules\express\lib\router\index.js:280:10)
    at SendStream.error (D:\My Life\v1\backend\node_modules\serve-static\index.js:121:7)
    at SendStream.emit (node:events:519:28)
    at SendStream.error (D:\My Life\v1\backend\node_modules\send\index.js:270:17)

    [2024-12-14T07:40:08.206Z] GET /uploads/generalinfo/1734161821684_36-pic-pt210f052-indiclub-original-imah3s57ucjfzfhd-jpeg-555832-.png
    Status: 404
    Error: The requested resource could not be found
    Stack: Error: The requested resource could not be found
    at CustomError.NotFound (D:\My Life\v1\backend\utils\customError.js:17:16)
    at D:\My Life\v1\backend\app.js:145:22
    at Layer.handle [as handle_request] (D:\My Life\v1\backend\node_modules\express\lib\router\layer.js:95:5)
    at trim_prefix (D:\My Life\v1\backend\node_modules\express\lib\router\index.js:328:13)
    at D:\My Life\v1\backend\node_modules\express\lib\router\index.js:286:9
    at Function.process_params (D:\My Life\v1\backend\node_modules\express\lib\router\index.js:346:12)
    at next (D:\My Life\v1\backend\node_modules\express\lib\router\index.js:280:10)
    at SendStream.error (D:\My Life\v1\backend\node_modules\serve-static\index.js:121:7)
    at SendStream.emit (node:events:519:28)
    at SendStream.error (D:\My Life\v1\backend\node_modules\send\index.js:270:17)

    [2024-12-14T10:02:32.988Z] POST /api/generalinfo
    Status: 400
    Error: site_name, footer_copywrite, and currency_symboll are required fields
    Stack: Error: site_name, footer_copywrite, and currency_symboll are required fields
    at CustomError.BadRequest (D:\My Life\v1\backend\utils\customError.js:9:16)
    at exports.createUpdateRecords (D:\My Life\v1\backend\api\settings\generalinfo\generalinfoController.js:14:31)
    at Layer.handle [as handle_request] (D:\My Life\v1\backend\node_modules\express\lib\router\layer.js:95:5)
    at next (D:\My Life\v1\backend\node_modules\express\lib\router\route.js:149:13)
    at D:\My Life\v1\backend\middleware\fileUploadMiddleware.js:29:5
    at D:\My Life\v1\backend\node_modules\express-fileupload\lib\processMultipart.js:175:9
    at process.processTicksAndRejections (node:internal/process/task_queues:95:5)

    [2024-12-14T10:04:15.203Z] GET /uploads/generalinfo/null
    Status: 404
    Error: The requested resource could not be found
    Stack: Error: The requested resource could not be found
    at CustomError.NotFound (D:\My Life\v1\backend\utils\customError.js:17:16)
    at D:\My Life\v1\backend\app.js:145:22
    at Layer.handle [as handle_request] (D:\My Life\v1\backend\node_modules\express\lib\router\layer.js:95:5)
    at trim_prefix (D:\My Life\v1\backend\node_modules\express\lib\router\index.js:328:13)
    at D:\My Life\v1\backend\node_modules\express\lib\router\index.js:286:9
    at Function.process_params (D:\My Life\v1\backend\node_modules\express\lib\router\index.js:346:12)
    at next (D:\My Life\v1\backend\node_modules\express\lib\router\index.js:280:10)
    at SendStream.error (D:\My Life\v1\backend\node_modules\serve-static\index.js:121:7)
    at SendStream.emit (node:events:519:28)
    at SendStream.error (D:\My Life\v1\backend\node_modules\send\index.js:270:17)

    [2024-12-15T03:47:29.664Z] POST /api/companyinfo
    Status: 400
    Error: company_name, GST_register_no, GST_no, mobile, email, address fileds are required
    Stack: Error: company_name, GST_register_no, GST_no, mobile, email, address fileds are required
    at CustomError.BadRequest (D:\My Life\v1\backend\utils\customError.js:9:16)
    at exports.createUpdateRecords (D:\My Life\v1\backend\api\settings\companyinfo\companyController.js:9:117)
    at Layer.handle [as handle_request] (D:\My Life\v1\backend\node_modules\express\lib\router\layer.js:95:5)
    at next (D:\My Life\v1\backend\node_modules\express\lib\router\route.js:149:13)
    at exports.verifyAccessToken (D:\My Life\v1\backend\middleware\adminAuthMiddleware.js:23:13)
    at process.processTicksAndRejections (node:internal/process/task_queues:95:5)

    [2024-12-15T03:52:20.187Z] POST /api/companyinfo
    Status: 500
    Error: GST_register_no is not defined
    Stack: ReferenceError: GST_register_no is not defined
    at exports.createUpdateRecords (D:\My Life\v1\backend\api\settings\companyinfo\companyController.js:16:35)
    at process.processTicksAndRejections (node:internal/process/task_queues:95:5)

    [2024-12-15T03:52:47.009Z] POST /api/companyinfo
    Status: 500
    Error: GST_register_no is not defined
    Stack: ReferenceError: GST_register_no is not defined
    at exports.createUpdateRecords (D:\My Life\v1\backend\api\settings\companyinfo\companyController.js:16:35)
    at process.processTicksAndRejections (node:internal/process/task_queues:95:5)

    [2024-12-15T03:53:24.228Z] POST /api/companyinfo
    Status: 500
    Error: GST_register_no is not defined
    Stack: ReferenceError: GST_register_no is not defined
    at exports.createUpdateRecords (D:\My Life\v1\backend\api\settings\companyinfo\companyController.js:17:35)
    at process.processTicksAndRejections (node:internal/process/task_queues:95:5)

    [2024-12-15T03:54:00.610Z] POST /api/companyinfo
    Status: 500
    Error: companyinfo validation failed: GST_percentage: Path `GST_percentage` is required.
    Stack: ValidationError: companyinfo validation failed: GST_percentage: Path `GST_percentage` is required.
    at Document.invalidate (D:\My Life\v1\backend\node_modules\mongoose\lib\document.js:3318:32)
    at D:\My Life\v1\backend\node_modules\mongoose\lib\document.js:3079:17
    at D:\My Life\v1\backend\node_modules\mongoose\lib\schemaType.js:1388:9
    at process.processTicksAndRejections (node:internal/process/task_queues:77:11)

    [2024-12-15T04:39:08.907Z] GET /api/getMetaContent
    Status: 400
    Error: Request body cann't be empty
    Stack: Error: Request body cann't be empty
    at CustomError.BadRequest (D:\My Life\v1\backend\utils\customError.js:9:16)
    at exports.createUpdateRecords (D:\My Life\v1\backend\api\settings\metadata\metadataController.js:6:66)
    at Layer.handle [as handle_request] (D:\My Life\v1\backend\node_modules\express\lib\router\layer.js:95:5)
    at next (D:\My Life\v1\backend\node_modules\express\lib\router\route.js:149:13)
    at Route.dispatch (D:\My Life\v1\backend\node_modules\express\lib\router\route.js:119:3)
    at Layer.handle [as handle_request] (D:\My Life\v1\backend\node_modules\express\lib\router\layer.js:95:5)
    at D:\My Life\v1\backend\node_modules\express\lib\router\index.js:284:15
    at Function.process_params (D:\My Life\v1\backend\node_modules\express\lib\router\index.js:346:12)
    at next (D:\My Life\v1\backend\node_modules\express\lib\router\index.js:280:10)
    at Function.handle (D:\My Life\v1\backend\node_modules\express\lib\router\index.js:175:3)

    [2024-12-15T04:39:43.936Z] GET /api/getMetaContent
    Status: 400
    Error: Request body cann't be empty
    Stack: Error: Request body cann't be empty
    at CustomError.BadRequest (D:\My Life\v1\backend\utils\customError.js:9:16)
    at exports.createUpdateRecords (D:\My Life\v1\backend\api\settings\metadata\metadataController.js:6:66)
    at Layer.handle [as handle_request] (D:\My Life\v1\backend\node_modules\express\lib\router\layer.js:95:5)
    at next (D:\My Life\v1\backend\node_modules\express\lib\router\route.js:149:13)
    at Route.dispatch (D:\My Life\v1\backend\node_modules\express\lib\router\route.js:119:3)
    at Layer.handle [as handle_request] (D:\My Life\v1\backend\node_modules\express\lib\router\layer.js:95:5)
    at D:\My Life\v1\backend\node_modules\express\lib\router\index.js:284:15
    at Function.process_params (D:\My Life\v1\backend\node_modules\express\lib\router\index.js:346:12)
    at next (D:\My Life\v1\backend\node_modules\express\lib\router\index.js:280:10)
    at Function.handle (D:\My Life\v1\backend\node_modules\express\lib\router\index.js:175:3)

    [2024-12-15T04:40:13.641Z] GET /api/getMetaContent
    Status: 400
    Error: Request body cann't be empty
    Stack: Error: Request body cann't be empty
    at CustomError.BadRequest (D:\My Life\v1\backend\utils\customError.js:9:16)
    at exports.createUpdateRecords (D:\My Life\v1\backend\api\settings\metadata\metadataController.js:6:66)
    at Layer.handle [as handle_request] (D:\My Life\v1\backend\node_modules\express\lib\router\layer.js:95:5)
    at next (D:\My Life\v1\backend\node_modules\express\lib\router\route.js:149:13)
    at Route.dispatch (D:\My Life\v1\backend\node_modules\express\lib\router\route.js:119:3)
    at Layer.handle [as handle_request] (D:\My Life\v1\backend\node_modules\express\lib\router\layer.js:95:5)
    at D:\My Life\v1\backend\node_modules\express\lib\router\index.js:284:15
    at Function.process_params (D:\My Life\v1\backend\node_modules\express\lib\router\index.js:346:12)
    at next (D:\My Life\v1\backend\node_modules\express\lib\router\index.js:280:10)
    at Function.handle (D:\My Life\v1\backend\node_modules\express\lib\router\index.js:175:3)

    [2024-12-15T06:08:30.689Z] POST /api/policymangement
    Status: 500
    Error: policymanagement validation failed: terms_condition: Path `terms_condition` is required., shipping_policy: Path `shipping_policy` is required., privacy_policy: Path `privacy_policy` is required., return_policy: Path `return_policy` is required.
    Stack: ValidationError: policymanagement validation failed: terms_condition: Path `terms_condition` is required., shipping_policy: Path `shipping_policy` is required., privacy_policy: Path `privacy_policy` is required., return_policy: Path `return_policy` is required.
    at Document.invalidate (D:\My Life\v1\backend\node_modules\mongoose\lib\document.js:3318:32)
    at D:\My Life\v1\backend\node_modules\mongoose\lib\document.js:3079:17
    at D:\My Life\v1\backend\node_modules\mongoose\lib\schemaType.js:1388:9
    at process.processTicksAndRejections (node:internal/process/task_queues:77:11)

    [2024-12-15T06:08:33.641Z] POST /api/policymangement
    Status: 500
    Error: policymanagement validation failed: terms_condition: Path `terms_condition` is required., shipping_policy: Path `shipping_policy` is required., privacy_policy: Path `privacy_policy` is required., return_policy: Path `return_policy` is required.
    Stack: ValidationError: policymanagement validation failed: terms_condition: Path `terms_condition` is required., shipping_policy: Path `shipping_policy` is required., privacy_policy: Path `privacy_policy` is required., return_policy: Path `return_policy` is required.
    at Document.invalidate (D:\My Life\v1\backend\node_modules\mongoose\lib\document.js:3318:32)
    at D:\My Life\v1\backend\node_modules\mongoose\lib\document.js:3079:17
    at D:\My Life\v1\backend\node_modules\mongoose\lib\schemaType.js:1388:9
    at process.processTicksAndRejections (node:internal/process/task_queues:77:11)

    [2024-12-15T08:52:17.864Z] GET /api/contactinfo
    Status: 400
    Error: Request body cann't be empty
    Stack: Error: Request body cann't be empty
    at CustomError.BadRequest (D:\My Life\v1\backend\utils\customError.js:9:16)
    at exports.createUpdateRecords (D:\My Life\v1\backend\api\settings\contactinfo\contactinfoController.js:6:66)
    at Layer.handle [as handle_request] (D:\My Life\v1\backend\node_modules\express\lib\router\layer.js:95:5)
    at next (D:\My Life\v1\backend\node_modules\express\lib\router\route.js:149:13)
    at Route.dispatch (D:\My Life\v1\backend\node_modules\express\lib\router\route.js:119:3)
    at Layer.handle [as handle_request] (D:\My Life\v1\backend\node_modules\express\lib\router\layer.js:95:5)
    at D:\My Life\v1\backend\node_modules\express\lib\router\index.js:284:15
    at Function.process_params (D:\My Life\v1\backend\node_modules\express\lib\router\index.js:346:12)
    at next (D:\My Life\v1\backend\node_modules\express\lib\router\index.js:280:10)
    at Function.handle (D:\My Life\v1\backend\node_modules\express\lib\router\index.js:175:3)

    [2024-12-15T08:52:39.389Z] GET /api/contactinfo
    Status: 400
    Error: Request body cann't be empty
    Stack: Error: Request body cann't be empty
    at CustomError.BadRequest (D:\My Life\v1\backend\utils\customError.js:9:16)
    at exports.createUpdateRecords (D:\My Life\v1\backend\api\settings\contactinfo\contactinfoController.js:6:66)
    at Layer.handle [as handle_request] (D:\My Life\v1\backend\node_modules\express\lib\router\layer.js:95:5)
    at next (D:\My Life\v1\backend\node_modules\express\lib\router\route.js:149:13)
    at Route.dispatch (D:\My Life\v1\backend\node_modules\express\lib\router\route.js:119:3)
    at Layer.handle [as handle_request] (D:\My Life\v1\backend\node_modules\express\lib\router\layer.js:95:5)
    at D:\My Life\v1\backend\node_modules\express\lib\router\index.js:284:15
    at Function.process_params (D:\My Life\v1\backend\node_modules\express\lib\router\index.js:346:12)
    at next (D:\My Life\v1\backend\node_modules\express\lib\router\index.js:280:10)
    at Function.handle (D:\My Life\v1\backend\node_modules\express\lib\router\index.js:175:3)

    [2024-12-15T08:53:29.892Z] GET /api/contactinfo
    Status: 400
    Error: Request body cann't be empty
    Stack: Error: Request body cann't be empty
    at CustomError.BadRequest (D:\My Life\v1\backend\utils\customError.js:9:16)
    at exports.createUpdateRecords (D:\My Life\v1\backend\api\settings\contactinfo\contactinfoController.js:6:66)
    at Layer.handle [as handle_request] (D:\My Life\v1\backend\node_modules\express\lib\router\layer.js:95:5)
    at next (D:\My Life\v1\backend\node_modules\express\lib\router\route.js:149:13)
    at Route.dispatch (D:\My Life\v1\backend\node_modules\express\lib\router\route.js:119:3)
    at Layer.handle [as handle_request] (D:\My Life\v1\backend\node_modules\express\lib\router\layer.js:95:5)
    at D:\My Life\v1\backend\node_modules\express\lib\router\index.js:284:15
    at Function.process_params (D:\My Life\v1\backend\node_modules\express\lib\router\index.js:346:12)
    at next (D:\My Life\v1\backend\node_modules\express\lib\router\index.js:280:10)
    at Function.handle (D:\My Life\v1\backend\node_modules\express\lib\router\index.js:175:3)

    [2024-12-15T08:53:41.879Z] GET /api/contactinfo
    Status: 400
    Error: Request body cann't be empty
    Stack: Error: Request body cann't be empty
    at CustomError.BadRequest (D:\My Life\v1\backend\utils\customError.js:9:16)
    at exports.createUpdateRecords (D:\My Life\v1\backend\api\settings\contactinfo\contactinfoController.js:6:66)
    at Layer.handle [as handle_request] (D:\My Life\v1\backend\node_modules\express\lib\router\layer.js:95:5)
    at next (D:\My Life\v1\backend\node_modules\express\lib\router\route.js:149:13)
    at Route.dispatch (D:\My Life\v1\backend\node_modules\express\lib\router\route.js:119:3)
    at Layer.handle [as handle_request] (D:\My Life\v1\backend\node_modules\express\lib\router\layer.js:95:5)
    at D:\My Life\v1\backend\node_modules\express\lib\router\index.js:284:15
    at Function.process_params (D:\My Life\v1\backend\node_modules\express\lib\router\index.js:346:12)
    at next (D:\My Life\v1\backend\node_modules\express\lib\router\index.js:280:10)
    at Function.handle (D:\My Life\v1\backend\node_modules\express\lib\router\index.js:175:3)

    [2024-12-15T08:54:24.893Z] GET /api/contactinfo
    Status: 400
    Error: Request body cann't be empty
    Stack: Error: Request body cann't be empty
    at CustomError.BadRequest (D:\My Life\v1\backend\utils\customError.js:9:16)
    at exports.createUpdateRecords (D:\My Life\v1\backend\api\settings\contactinfo\contactinfoController.js:6:66)
    at Layer.handle [as handle_request] (D:\My Life\v1\backend\node_modules\express\lib\router\layer.js:95:5)
    at next (D:\My Life\v1\backend\node_modules\express\lib\router\route.js:149:13)
    at Route.dispatch (D:\My Life\v1\backend\node_modules\express\lib\router\route.js:119:3)
    at Layer.handle [as handle_request] (D:\My Life\v1\backend\node_modules\express\lib\router\layer.js:95:5)
    at D:\My Life\v1\backend\node_modules\express\lib\router\index.js:284:15
    at Function.process_params (D:\My Life\v1\backend\node_modules\express\lib\router\index.js:346:12)
    at next (D:\My Life\v1\backend\node_modules\express\lib\router\index.js:280:10)
    at Function.handle (D:\My Life\v1\backend\node_modules\express\lib\router\index.js:175:3)

    [2024-12-15T08:54:49.880Z] GET /api/contactinfo
    Status: 400
    Error: Request body cann't be empty
    Stack: Error: Request body cann't be empty
    at CustomError.BadRequest (D:\My Life\v1\backend\utils\customError.js:9:16)
    at exports.createUpdateRecords (D:\My Life\v1\backend\api\settings\contactinfo\contactinfoController.js:6:66)
    at Layer.handle [as handle_request] (D:\My Life\v1\backend\node_modules\express\lib\router\layer.js:95:5)
    at next (D:\My Life\v1\backend\node_modules\express\lib\router\route.js:149:13)
    at Route.dispatch (D:\My Life\v1\backend\node_modules\express\lib\router\route.js:119:3)
    at Layer.handle [as handle_request] (D:\My Life\v1\backend\node_modules\express\lib\router\layer.js:95:5)
    at D:\My Life\v1\backend\node_modules\express\lib\router\index.js:284:15
    at Function.process_params (D:\My Life\v1\backend\node_modules\express\lib\router\index.js:346:12)
    at next (D:\My Life\v1\backend\node_modules\express\lib\router\index.js:280:10)
    at Function.handle (D:\My Life\v1\backend\node_modules\express\lib\router\index.js:175:3)

    [2024-12-15T08:54:54.956Z] GET /api/contactinfo
    Status: 400
    Error: Request body cann't be empty
    Stack: Error: Request body cann't be empty
    at CustomError.BadRequest (D:\My Life\v1\backend\utils\customError.js:9:16)
    at exports.createUpdateRecords (D:\My Life\v1\backend\api\settings\contactinfo\contactinfoController.js:6:66)
    at Layer.handle [as handle_request] (D:\My Life\v1\backend\node_modules\express\lib\router\layer.js:95:5)
    at next (D:\My Life\v1\backend\node_modules\express\lib\router\route.js:149:13)
    at Route.dispatch (D:\My Life\v1\backend\node_modules\express\lib\router\route.js:119:3)
    at Layer.handle [as handle_request] (D:\My Life\v1\backend\node_modules\express\lib\router\layer.js:95:5)
    at D:\My Life\v1\backend\node_modules\express\lib\router\index.js:284:15
    at Function.process_params (D:\My Life\v1\backend\node_modules\express\lib\router\index.js:346:12)
    at next (D:\My Life\v1\backend\node_modules\express\lib\router\index.js:280:10)
    at Function.handle (D:\My Life\v1\backend\node_modules\express\lib\router\index.js:175:3)

    [2024-12-15T08:55:00.156Z] GET /api/contactinfo
    Status: 400
    Error: Request body cann't be empty
    Stack: Error: Request body cann't be empty
    at CustomError.BadRequest (D:\My Life\v1\backend\utils\customError.js:9:16)
    at exports.createUpdateRecords (D:\My Life\v1\backend\api\settings\contactinfo\contactinfoController.js:6:66)
    at Layer.handle [as handle_request] (D:\My Life\v1\backend\node_modules\express\lib\router\layer.js:95:5)
    at next (D:\My Life\v1\backend\node_modules\express\lib\router\route.js:149:13)
    at Route.dispatch (D:\My Life\v1\backend\node_modules\express\lib\router\route.js:119:3)
    at Layer.handle [as handle_request] (D:\My Life\v1\backend\node_modules\express\lib\router\layer.js:95:5)
    at D:\My Life\v1\backend\node_modules\express\lib\router\index.js:284:15
    at Function.process_params (D:\My Life\v1\backend\node_modules\express\lib\router\index.js:346:12)
    at next (D:\My Life\v1\backend\node_modules\express\lib\router\index.js:280:10)
    at Function.handle (D:\My Life\v1\backend\node_modules\express\lib\router\index.js:175:3)

    [2024-12-15T08:55:08.898Z] GET /api/contactinfo
    Status: 400
    Error: Request body cann't be empty
    Stack: Error: Request body cann't be empty
    at CustomError.BadRequest (D:\My Life\v1\backend\utils\customError.js:9:16)
    at exports.createUpdateRecords (D:\My Life\v1\backend\api\settings\contactinfo\contactinfoController.js:6:66)
    at Layer.handle [as handle_request] (D:\My Life\v1\backend\node_modules\express\lib\router\layer.js:95:5)
    at next (D:\My Life\v1\backend\node_modules\express\lib\router\route.js:149:13)
    at Route.dispatch (D:\My Life\v1\backend\node_modules\express\lib\router\route.js:119:3)
    at Layer.handle [as handle_request] (D:\My Life\v1\backend\node_modules\express\lib\router\layer.js:95:5)
    at D:\My Life\v1\backend\node_modules\express\lib\router\index.js:284:15
    at Function.process_params (D:\My Life\v1\backend\node_modules\express\lib\router\index.js:346:12)
    at next (D:\My Life\v1\backend\node_modules\express\lib\router\index.js:280:10)
    at Function.handle (D:\My Life\v1\backend\node_modules\express\lib\router\index.js:175:3)

    [2024-12-15T10:10:14.071Z] GET /api/getLoginconfig
    Status: 404
    Error: The requested resource could not be found
    Stack: Error: The requested resource could not be found
    at CustomError.NotFound (D:\My Life\v1\backend\utils\customError.js:17:16)
    at D:\My Life\v1\backend\app.js:145:22
    at Layer.handle [as handle_request] (D:\My Life\v1\backend\node_modules\express\lib\router\layer.js:95:5)
    at trim_prefix (D:\My Life\v1\backend\node_modules\express\lib\router\index.js:328:13)
    at D:\My Life\v1\backend\node_modules\express\lib\router\index.js:286:9
    at Function.process_params (D:\My Life\v1\backend\node_modules\express\lib\router\index.js:346:12)
    at next (D:\My Life\v1\backend\node_modules\express\lib\router\index.js:280:10)
    at D:\My Life\v1\backend\node_modules\express\lib\router\index.js:646:15
    at next (D:\My Life\v1\backend\node_modules\express\lib\router\index.js:265:14)
    at Function.handle (D:\My Life\v1\backend\node_modules\express\lib\router\index.js:175:3)

    [2024-12-15T10:23:56.611Z] GET /
    Status: 404
    Error: The requested resource could not be found
    Stack: Error: The requested resource could not be found
    at CustomError.NotFound (D:\My Life\v1\backend\utils\customError.js:17:16)
    at D:\My Life\v1\backend\app.js:145:22
    at Layer.handle [as handle_request] (D:\My Life\v1\backend\node_modules\express\lib\router\layer.js:95:5)
    at trim_prefix (D:\My Life\v1\backend\node_modules\express\lib\router\index.js:328:13)
    at D:\My Life\v1\backend\node_modules\express\lib\router\index.js:286:9
    at Function.process_params (D:\My Life\v1\backend\node_modules\express\lib\router\index.js:346:12)
    at next (D:\My Life\v1\backend\node_modules\express\lib\router\index.js:280:10)
    at urlencodedParser (D:\My Life\v1\backend\node_modules\body-parser\lib\types\urlencoded.js:94:7)
    at Layer.handle [as handle_request] (D:\My Life\v1\backend\node_modules\express\lib\router\layer.js:95:5)
    at trim_prefix (D:\My Life\v1\backend\node_modules\express\lib\router\index.js:328:13)

    [2024-12-15T10:24:43.289Z] GET /api/google/
    Status: 500
    Error: User not found
    Stack: Error: User not found
    at D:\My Life\v1\backend\config\google_passort.js:13:12
    at process.processTicksAndRejections (node:internal/process/task_queues:95:5)

    [2024-12-15T10:24:46.434Z] GET /api/google/
    Status: 500
    Error: User not found
    Stack: Error: User not found
    at D:\My Life\v1\backend\config\google_passort.js:13:12
    at process.processTicksAndRejections (node:internal/process/task_queues:95:5)

    [2024-12-15T10:26:46.531Z] GET /api/google/callback?code=4%2F0AanRRrtun9arwwZoEyIEIh43_c4upcuiE3ihu0t1MbFAS7qFmAySzKbadLh6BWKEAReRJg&scope=email+profile+openid+https%3A%2F%2Fwww.googleapis.com%2Fauth%2Fuserinfo.profile+https%3A%2F%2Fwww.googleapis.com%2Fauth%2Fuserinfo.email&authuser=0&prompt=consent
    Status: 500
    Error: Unknown authentication strategy "google"
    Stack: Error: Unknown authentication strategy "google"
    at attempt (D:\My Life\v1\backend\node_modules\passport\lib\middleware\authenticate.js:193:39)
    at authenticate (D:\My Life\v1\backend\node_modules\passport\lib\middleware\authenticate.js:379:7)
    at Layer.handle [as handle_request] (D:\My Life\v1\backend\node_modules\express\lib\router\layer.js:95:5)
    at next (D:\My Life\v1\backend\node_modules\express\lib\router\route.js:149:13)
    at Route.dispatch (D:\My Life\v1\backend\node_modules\express\lib\router\route.js:119:3)
    at Layer.handle [as handle_request] (D:\My Life\v1\backend\node_modules\express\lib\router\layer.js:95:5)
    at D:\My Life\v1\backend\node_modules\express\lib\router\index.js:284:15
    at Function.process_params (D:\My Life\v1\backend\node_modules\express\lib\router\index.js:346:12)
    at next (D:\My Life\v1\backend\node_modules\express\lib\router\index.js:280:10)
    at Function.handle (D:\My Life\v1\backend\node_modules\express\lib\router\index.js:175:3)

    [2024-12-15T10:26:50.512Z] GET /api/google/callback?code=4%2F0AanRRrshP2fMoFoFPgp5krqAcpXLQ7_balRYOeu9O94Lli-RU4tOncpba8jWipmlsQsoDQ&scope=email+profile+openid+https%3A%2F%2Fwww.googleapis.com%2Fauth%2Fuserinfo.profile+https%3A%2F%2Fwww.googleapis.com%2Fauth%2Fuserinfo.email&authuser=0&prompt=consent
    Status: 500
    Error: Unknown authentication strategy "google"
    Stack: Error: Unknown authentication strategy "google"
    at attempt (D:\My Life\v1\backend\node_modules\passport\lib\middleware\authenticate.js:193:39)
    at authenticate (D:\My Life\v1\backend\node_modules\passport\lib\middleware\authenticate.js:379:7)
    at Layer.handle [as handle_request] (D:\My Life\v1\backend\node_modules\express\lib\router\layer.js:95:5)
    at next (D:\My Life\v1\backend\node_modules\express\lib\router\route.js:149:13)
    at Route.dispatch (D:\My Life\v1\backend\node_modules\express\lib\router\route.js:119:3)
    at Layer.handle [as handle_request] (D:\My Life\v1\backend\node_modules\express\lib\router\layer.js:95:5)
    at D:\My Life\v1\backend\node_modules\express\lib\router\index.js:284:15
    at Function.process_params (D:\My Life\v1\backend\node_modules\express\lib\router\index.js:346:12)
    at next (D:\My Life\v1\backend\node_modules\express\lib\router\index.js:280:10)
    at Function.handle (D:\My Life\v1\backend\node_modules\express\lib\router\index.js:175:3)

    [2024-12-15T10:27:23.998Z] GET /api/google/callback?code=4%2F0AanRRruu98I6V7JpXyK2dl_VgkekZt9va0HlxmgFCLfHDi1Sa-ZZGh_eJpdqtz-Ns5yYTw&scope=email+profile+openid+https%3A%2F%2Fwww.googleapis.com%2Fauth%2Fuserinfo.profile+https%3A%2F%2Fwww.googleapis.com%2Fauth%2Fuserinfo.email&authuser=0&prompt=consent
    Status: 500
    Error: Unknown authentication strategy "google"
    Stack: Error: Unknown authentication strategy "google"
    at attempt (D:\My Life\v1\backend\node_modules\passport\lib\middleware\authenticate.js:193:39)
    at authenticate (D:\My Life\v1\backend\node_modules\passport\lib\middleware\authenticate.js:379:7)
    at Layer.handle [as handle_request] (D:\My Life\v1\backend\node_modules\express\lib\router\layer.js:95:5)
    at next (D:\My Life\v1\backend\node_modules\express\lib\router\route.js:149:13)
    at Route.dispatch (D:\My Life\v1\backend\node_modules\express\lib\router\route.js:119:3)
    at Layer.handle [as handle_request] (D:\My Life\v1\backend\node_modules\express\lib\router\layer.js:95:5)
    at D:\My Life\v1\backend\node_modules\express\lib\router\index.js:284:15
    at Function.process_params (D:\My Life\v1\backend\node_modules\express\lib\router\index.js:346:12)
    at next (D:\My Life\v1\backend\node_modules\express\lib\router\index.js:280:10)
    at Function.handle (D:\My Life\v1\backend\node_modules\express\lib\router\index.js:175:3)

    [2024-12-15T10:27:49.910Z] GET /api/google/callback?code=4%2F0AanRRrtN2Y91nG6Mo80q36DIVMdqxILGArkqwR3LN-BogEZuSd_5g7mKCaYHU59mWmzT9w&scope=email+profile+openid+https%3A%2F%2Fwww.googleapis.com%2Fauth%2Fuserinfo.profile+https%3A%2F%2Fwww.googleapis.com%2Fauth%2Fuserinfo.email&authuser=0&prompt=consent
    Status: 500
    Error: Unknown authentication strategy "google"
    Stack: Error: Unknown authentication strategy "google"
    at attempt (D:\My Life\v1\backend\node_modules\passport\lib\middleware\authenticate.js:193:39)
    at authenticate (D:\My Life\v1\backend\node_modules\passport\lib\middleware\authenticate.js:379:7)
    at Layer.handle [as handle_request] (D:\My Life\v1\backend\node_modules\express\lib\router\layer.js:95:5)
    at next (D:\My Life\v1\backend\node_modules\express\lib\router\route.js:149:13)
    at Route.dispatch (D:\My Life\v1\backend\node_modules\express\lib\router\route.js:119:3)
    at Layer.handle [as handle_request] (D:\My Life\v1\backend\node_modules\express\lib\router\layer.js:95:5)
    at D:\My Life\v1\backend\node_modules\express\lib\router\index.js:284:15
    at Function.process_params (D:\My Life\v1\backend\node_modules\express\lib\router\index.js:346:12)
    at next (D:\My Life\v1\backend\node_modules\express\lib\router\index.js:280:10)
    at Function.handle (D:\My Life\v1\backend\node_modules\express\lib\router\index.js:175:3)

    [2024-12-15T10:28:11.579Z] GET /api/google/callback?code=4%2F0AanRRru_H7IhGuY8gtNThVMlj1sk_ZxU7Qtu8FaLikSmyWD0dzNfBmlXFxvnhXVxCj6F5g&scope=email+profile+openid+https%3A%2F%2Fwww.googleapis.com%2Fauth%2Fuserinfo.profile+https%3A%2F%2Fwww.googleapis.com%2Fauth%2Fuserinfo.email&authuser=0&prompt=consent
    Status: 500
    Error: Unknown authentication strategy "google"
    Stack: Error: Unknown authentication strategy "google"
    at attempt (D:\My Life\v1\backend\node_modules\passport\lib\middleware\authenticate.js:193:39)
    at authenticate (D:\My Life\v1\backend\node_modules\passport\lib\middleware\authenticate.js:379:7)
    at Layer.handle [as handle_request] (D:\My Life\v1\backend\node_modules\express\lib\router\layer.js:95:5)
    at next (D:\My Life\v1\backend\node_modules\express\lib\router\route.js:149:13)
    at Route.dispatch (D:\My Life\v1\backend\node_modules\express\lib\router\route.js:119:3)
    at Layer.handle [as handle_request] (D:\My Life\v1\backend\node_modules\express\lib\router\layer.js:95:5)
    at D:\My Life\v1\backend\node_modules\express\lib\router\index.js:284:15
    at Function.process_params (D:\My Life\v1\backend\node_modules\express\lib\router\index.js:346:12)
    at next (D:\My Life\v1\backend\node_modules\express\lib\router\index.js:280:10)
    at Function.handle (D:\My Life\v1\backend\node_modules\express\lib\router\index.js:175:3)

    [2024-12-15T10:28:57.608Z] GET /api/google
    Status: 500
    Error: Unknown authentication strategy "google"
    Stack: Error: Unknown authentication strategy "google"
    at attempt (D:\My Life\v1\backend\node_modules\passport\lib\middleware\authenticate.js:193:39)
    at authenticate (D:\My Life\v1\backend\node_modules\passport\lib\middleware\authenticate.js:379:7)
    at Layer.handle [as handle_request] (D:\My Life\v1\backend\node_modules\express\lib\router\layer.js:95:5)
    at next (D:\My Life\v1\backend\node_modules\express\lib\router\route.js:149:13)
    at Route.dispatch (D:\My Life\v1\backend\node_modules\express\lib\router\route.js:119:3)
    at Layer.handle [as handle_request] (D:\My Life\v1\backend\node_modules\express\lib\router\layer.js:95:5)
    at D:\My Life\v1\backend\node_modules\express\lib\router\index.js:284:15
    at Function.process_params (D:\My Life\v1\backend\node_modules\express\lib\router\index.js:346:12)
    at next (D:\My Life\v1\backend\node_modules\express\lib\router\index.js:280:10)
    at Function.handle (D:\My Life\v1\backend\node_modules\express\lib\router\index.js:175:3)

    [2024-12-15T10:29:01.867Z] GET /api/google
    Status: 500
    Error: Unknown authentication strategy "google"
    Stack: Error: Unknown authentication strategy "google"
    at attempt (D:\My Life\v1\backend\node_modules\passport\lib\middleware\authenticate.js:193:39)
    at authenticate (D:\My Life\v1\backend\node_modules\passport\lib\middleware\authenticate.js:379:7)
    at Layer.handle [as handle_request] (D:\My Life\v1\backend\node_modules\express\lib\router\layer.js:95:5)
    at next (D:\My Life\v1\backend\node_modules\express\lib\router\route.js:149:13)
    at Route.dispatch (D:\My Life\v1\backend\node_modules\express\lib\router\route.js:119:3)
    at Layer.handle [as handle_request] (D:\My Life\v1\backend\node_modules\express\lib\router\layer.js:95:5)
    at D:\My Life\v1\backend\node_modules\express\lib\router\index.js:284:15
    at Function.process_params (D:\My Life\v1\backend\node_modules\express\lib\router\index.js:346:12)
    at next (D:\My Life\v1\backend\node_modules\express\lib\router\index.js:280:10)
    at Function.handle (D:\My Life\v1\backend\node_modules\express\lib\router\index.js:175:3)

    [2024-12-15T10:29:09.010Z] GET /api/google
    Status: 500
    Error: Unknown authentication strategy "google"
    Stack: Error: Unknown authentication strategy "google"
    at attempt (D:\My Life\v1\backend\node_modules\passport\lib\middleware\authenticate.js:193:39)
    at authenticate (D:\My Life\v1\backend\node_modules\passport\lib\middleware\authenticate.js:379:7)
    at Layer.handle [as handle_request] (D:\My Life\v1\backend\node_modules\express\lib\router\layer.js:95:5)
    at next (D:\My Life\v1\backend\node_modules\express\lib\router\route.js:149:13)
    at Route.dispatch (D:\My Life\v1\backend\node_modules\express\lib\router\route.js:119:3)
    at Layer.handle [as handle_request] (D:\My Life\v1\backend\node_modules\express\lib\router\layer.js:95:5)
    at D:\My Life\v1\backend\node_modules\express\lib\router\index.js:284:15
    at Function.process_params (D:\My Life\v1\backend\node_modules\express\lib\router\index.js:346:12)
    at next (D:\My Life\v1\backend\node_modules\express\lib\router\index.js:280:10)
    at Function.handle (D:\My Life\v1\backend\node_modules\express\lib\router\index.js:175:3)

    [2024-12-15T10:29:36.402Z] POST /api/loginconfig
    Status: 500
    Error: loginConfig validation failed: google_clientSecret: Path `google_clientSecret` is required.
    Stack: ValidationError: loginConfig validation failed: google_clientSecret: Path `google_clientSecret` is required.
    at Document.invalidate (D:\My Life\v1\backend\node_modules\mongoose\lib\document.js:3318:32)
    at D:\My Life\v1\backend\node_modules\mongoose\lib\document.js:3079:17
    at D:\My Life\v1\backend\node_modules\mongoose\lib\schemaType.js:1388:9
    at process.processTicksAndRejections (node:internal/process/task_queues:77:11)

    [2024-12-15T10:29:37.505Z] POST /api/loginconfig
    Status: 500
    Error: loginConfig validation failed: google_clientSecret: Path `google_clientSecret` is required.
    Stack: ValidationError: loginConfig validation failed: google_clientSecret: Path `google_clientSecret` is required.
    at Document.invalidate (D:\My Life\v1\backend\node_modules\mongoose\lib\document.js:3318:32)
    at D:\My Life\v1\backend\node_modules\mongoose\lib\document.js:3079:17
    at D:\My Life\v1\backend\node_modules\mongoose\lib\schemaType.js:1388:9
    at process.processTicksAndRejections (node:internal/process/task_queues:77:11)

    [2024-12-15T10:30:39.154Z] GET /api/google
    Status: 500
    Error: Unknown authentication strategy "google"
    Stack: Error: Unknown authentication strategy "google"
    at attempt (D:\My Life\v1\backend\node_modules\passport\lib\middleware\authenticate.js:193:39)
    at authenticate (D:\My Life\v1\backend\node_modules\passport\lib\middleware\authenticate.js:379:7)
    at Layer.handle [as handle_request] (D:\My Life\v1\backend\node_modules\express\lib\router\layer.js:95:5)
    at next (D:\My Life\v1\backend\node_modules\express\lib\router\route.js:149:13)
    at Route.dispatch (D:\My Life\v1\backend\node_modules\express\lib\router\route.js:119:3)
    at Layer.handle [as handle_request] (D:\My Life\v1\backend\node_modules\express\lib\router\layer.js:95:5)
    at D:\My Life\v1\backend\node_modules\express\lib\router\index.js:284:15
    at Function.process_params (D:\My Life\v1\backend\node_modules\express\lib\router\index.js:346:12)
    at next (D:\My Life\v1\backend\node_modules\express\lib\router\index.js:280:10)
    at Function.handle (D:\My Life\v1\backend\node_modules\express\lib\router\index.js:175:3)

    [2024-12-15T10:30:41.374Z] GET /api/google
    Status: 500
    Error: Unknown authentication strategy "google"
    Stack: Error: Unknown authentication strategy "google"
    at attempt (D:\My Life\v1\backend\node_modules\passport\lib\middleware\authenticate.js:193:39)
    at authenticate (D:\My Life\v1\backend\node_modules\passport\lib\middleware\authenticate.js:379:7)
    at Layer.handle [as handle_request] (D:\My Life\v1\backend\node_modules\express\lib\router\layer.js:95:5)
    at next (D:\My Life\v1\backend\node_modules\express\lib\router\route.js:149:13)
    at Route.dispatch (D:\My Life\v1\backend\node_modules\express\lib\router\route.js:119:3)
    at Layer.handle [as handle_request] (D:\My Life\v1\backend\node_modules\express\lib\router\layer.js:95:5)
    at D:\My Life\v1\backend\node_modules\express\lib\router\index.js:284:15
    at Function.process_params (D:\My Life\v1\backend\node_modules\express\lib\router\index.js:346:12)
    at next (D:\My Life\v1\backend\node_modules\express\lib\router\index.js:280:10)
    at Function.handle (D:\My Life\v1\backend\node_modules\express\lib\router\index.js:175:3)
